<?xml version="1.0" encoding="utf-8"?><testsuites name="pytest tests"><testsuite name="pytest" errors="0" failures="0" skipped="0" tests="10" time="2.429" timestamp="2026-08-04T00:32:09.514181+00:00" hostname="agent-env-d969a2cf-61b2-4645-a20d-6276c46aa38e"><testcase classname="tests.backend_test" name="test_health" time="0.251" /><testcase classname="tests.backend_test" name="test_catalog_returns_6_categories" time="0.053" /><testcase classname="tests.backend_test" name="test_inquiry_missing_email_returns_422" time="0.053" /><testcase classname="tests.backend_test" name="test_inquiry_invalid_email_returns_422" time="0.053" /><testcase classname="tests.backend_test" name="test_create_inquiry_and_verify_persistence" time="0.125" /><testcase classname="tests.backend_test" name="test_list_inquiries_bad_limit" time="0.053" /><testcase classname="tests.backend_test" name="test_inquiry_new_interest_slugs[workstations-laptops]" time="0.108" /><testcase classname="tests.backend_test" name="test_inquiry_new_interest_slugs[pos-retail]" time="0.113" /><testcase classname="tests.backend_test" name="test_inquiry_new_interest_slugs[storage-components]" time="0.107" /><testcase classname="tests.backend_test" name="test_inquiry_new_interest_slugs[servers-datacenter]" time="0.105" /></testsuite></testsuites>