<?xml version="1.0" encoding="utf-8"?><testsuites name="pytest tests"><testsuite name="pytest" errors="0" failures="0" skipped="0" tests="6" time="2.033" timestamp="2026-08-03T21:59:11.776040+00:00" hostname="agent-env-d969a2cf-61b2-4645-a20d-6276c46aa38e"><testcase classname="tests.backend_test" name="test_health" time="0.330" /><testcase classname="tests.backend_test" name="test_catalog_returns_6_categories" time="0.054" /><testcase classname="tests.backend_test" name="test_inquiry_missing_email_returns_422" time="0.055" /><testcase classname="tests.backend_test" name="test_inquiry_invalid_email_returns_422" time="0.060" /><testcase classname="tests.backend_test" name="test_create_inquiry_and_verify_persistence" time="0.115" /><testcase classname="tests.backend_test" name="test_list_inquiries_bad_limit" time="0.059" /></testsuite></testsuites>